{
  "RSpec": {
    "coverage": {
      "/Users/prabusathan/Projects/intro_to_the_web_friday/intro_to_the_web_thursday/battle/app.rb": [
        1,
        1,
        1,
        null,
        1,
        null,
        1,
        1,
        null,
        1,
        8,
        null,
        null,
        1,
        8,
        8,
        null,
        null,
        1,
        11,
        null,
        null,
        null,
        null,
        null,
        null,
        1,
        5,
        5,
        null,
        null,
        1,
        3,
        3,
        null,
        null,
        null,
        null,
        null
      ],
      "/Users/prabusathan/Projects/intro_to_the_web_friday/intro_to_the_web_thursday/battle/lib/player.rb": [
        null,
        1,
        null,
        1,
        null,
        1,
        28,
        28,
        null,
        null,
        1,
        6,
        null,
        null,
        null
      ],
      "/Users/prabusathan/Projects/intro_to_the_web_friday/intro_to_the_web_thursday/battle/lib/game.rb": [
        1,
        null,
        1,
        null,
        1,
        null,
        1,
        13,
        13,
        13,
        13,
        null,
        null,
        1,
        6,
        null,
        null,
        1,
        3,
        3,
        null,
        null,
        null
      ],
      "/Users/prabusathan/Projects/intro_to_the_web_friday/intro_to_the_web_thursday/battle/spec/features/attack_players_spec.rb": [
        1,
        null,
        null,
        1,
        1,
        1,
        1,
        1,
        null,
        null,
        1,
        1,
        1,
        1,
        1,
        null,
        null,
        1,
        1,
        1,
        1,
        1,
        1,
        null,
        null,
        1,
        1,
        1,
        1,
        null,
        null,
        1,
        1,
        null,
        null
      ],
      "/Users/prabusathan/Projects/intro_to_the_web_friday/intro_to_the_web_thursday/battle/spec/features/enter_names_spec.rb": [
        null,
        null,
        1,
        null,
        1,
        1,
        1,
        null,
        null,
        null,
        null
      ],
      "/Users/prabusathan/Projects/intro_to_the_web_friday/intro_to_the_web_thursday/battle/spec/features/hit_points_spec.rb": [
        null,
        null,
        1,
        1,
        1,
        1,
        null,
        null,
        1,
        1,
        1,
        null,
        null
      ],
      "/Users/prabusathan/Projects/intro_to_the_web_friday/intro_to_the_web_thursday/battle/spec/game_spec.rb": [
        1,
        null,
        1,
        6,
        6,
        6,
        null,
        1,
        1,
        null,
        null,
        1,
        1,
        1,
        null,
        null,
        1,
        1,
        1,
        null,
        null,
        null,
        1,
        1,
        1,
        null,
        null,
        null,
        1,
        1,
        1,
        1,
        null,
        null,
        null,
        null
      ],
      "/Users/prabusathan/Projects/intro_to_the_web_friday/intro_to_the_web_thursday/battle/spec/player_spec.rb": [
        1,
        null,
        1,
        null,
        1,
        1,
        1,
        null,
        null,
        1,
        1,
        4,
        null,
        null,
        null
      ]
    },
    "timestamp": 1495794516
  }
}
