{
  "RSpec": {
    "coverage": {
      "/Users/prabusathan/Projects/intro_to_the_web_thursday/intro_to_the_web/battle/app.rb": [
        1,
        1,
        1,
        null,
        1,
        null,
        1,
        1,
        null,
        1,
        6,
        null,
        null,
        1,
        6,
        6,
        null,
        null,
        1,
        8,
        null,
        null,
        1,
        2,
        null,
        null,
        1,
        5,
        5,
        null,
        null,
        1,
        2,
        2,
        null,
        null,
        null,
        null,
        null
      ],
      "/Users/prabusathan/Projects/intro_to_the_web_thursday/intro_to_the_web/battle/lib/player.rb": [
        null,
        1,
        null,
        1,
        null,
        1,
        14,
        14,
        null,
        null,
        1,
        6,
        null,
        null,
        null
      ],
      "/Users/prabusathan/Projects/intro_to_the_web_thursday/intro_to_the_web/battle/lib/game.rb": [
        1,
        null,
        1,
        null,
        1,
        null,
        1,
        6,
        6,
        6,
        6,
        null,
        null,
        1,
        5,
        null,
        null,
        1,
        2,
        2,
        null,
        null,
        null
      ],
      "/Users/prabusathan/Projects/intro_to_the_web_thursday/intro_to_the_web/battle/spec/features/attack_players_spec.rb": [
        1,
        1,
        1,
        1,
        1,
        null,
        null,
        1,
        1,
        1,
        1,
        1,
        null,
        null,
        1,
        1,
        1,
        1,
        1,
        null,
        null,
        1,
        1,
        1,
        1,
        1,
        1,
        null,
        null
      ],
      "/Users/prabusathan/Projects/intro_to_the_web_thursday/intro_to_the_web/battle/spec/features/enter_names_spec.rb": [
        null,
        null,
        1,
        null,
        1,
        1,
        1,
        null,
        null,
        null,
        null
      ],
      "/Users/prabusathan/Projects/intro_to_the_web_thursday/intro_to_the_web/battle/spec/features/hit_points_spec.rb": [
        null,
        null,
        1,
        1,
        1,
        1,
        1,
        null,
        null,
        null,
        null,
        null,
        null,
        null,
        null,
        null
      ],
      "/Users/prabusathan/Projects/intro_to_the_web_thursday/intro_to_the_web/battle/spec/game_spec.rb": [
        1,
        null,
        1,
        2,
        1,
        1,
        null,
        null,
        null,
        1,
        1,
        1,
        0,
        null,
        null,
        null,
        null
      ],
      "/Users/prabusathan/Projects/intro_to_the_web_thursday/intro_to_the_web/battle/spec/player_spec.rb": [
        1,
        null,
        1,
        null,
        1,
        1,
        1,
        null,
        null,
        1,
        1,
        4,
        null,
        null,
        null
      ]
    },
    "timestamp": 1495789441
  }
}
